[WARN] [2016-08-19 17:27:08][io.netty.channel.ChannelInitializer]Failed to initialize a channel. Closing: [id: 0x4ad1b9ed]
java.lang.ClassCastException: io.netty.channel.socket.nio.NioServerSocketChannel cannot be cast to io.netty.channel.socket.SocketChannel
	at com.rekchina.rocketmq.client.remoting.netty.NettyRemotingClient$1.initChannel(NettyRemotingClient.java:25)
	at io.netty.channel.ChannelInitializer.channelRegistered(ChannelInitializer.java:69)
	at io.netty.channel.AbstractChannelHandlerContext.invokeChannelRegistered(AbstractChannelHandlerContext.java:133)
	at io.netty.channel.AbstractChannelHandlerContext.fireChannelRegistered(AbstractChannelHandlerContext.java:119)
	at io.netty.channel.DefaultChannelPipeline.fireChannelRegistered(DefaultChannelPipeline.java:733)
	at io.netty.channel.AbstractChannel$AbstractUnsafe.register0(AbstractChannel.java:450)
	at io.netty.channel.AbstractChannel$AbstractUnsafe.access$100(AbstractChannel.java:378)
	at io.netty.channel.AbstractChannel$AbstractUnsafe$1.run(AbstractChannel.java:424)
	at io.netty.util.concurrent.SingleThreadEventExecutor.runAllTasks(SingleThreadEventExecutor.java:357)
	at io.netty.channel.nio.NioEventLoop.run(NioEventLoop.java:357)
	at io.netty.util.concurrent.SingleThreadEventExecutor$2.run(SingleThreadEventExecutor.java:111)
	at io.netty.util.concurrent.DefaultThreadFactory$DefaultRunnableDecorator.run(DefaultThreadFactory.java:137)
	at java.lang.Thread.run(Thread.java:745)
[WARN] [2016-08-19 17:27:58][io.netty.channel.ChannelInitializer]Failed to initialize a channel. Closing: [id: 0x7e9a21cf]
java.lang.ClassCastException: io.netty.channel.socket.nio.NioServerSocketChannel cannot be cast to io.netty.channel.socket.SocketChannel
	at com.rekchina.rocketmq.client.remoting.netty.NettyRemotingClient$1.initChannel(NettyRemotingClient.java:25)
	at io.netty.channel.ChannelInitializer.channelRegistered(ChannelInitializer.java:69)
	at io.netty.channel.AbstractChannelHandlerContext.invokeChannelRegistered(AbstractChannelHandlerContext.java:133)
	at io.netty.channel.AbstractChannelHandlerContext.fireChannelRegistered(AbstractChannelHandlerContext.java:119)
	at io.netty.channel.DefaultChannelPipeline.fireChannelRegistered(DefaultChannelPipeline.java:733)
	at io.netty.channel.AbstractChannel$AbstractUnsafe.register0(AbstractChannel.java:450)
	at io.netty.channel.AbstractChannel$AbstractUnsafe.access$100(AbstractChannel.java:378)
	at io.netty.channel.AbstractChannel$AbstractUnsafe$1.run(AbstractChannel.java:424)
	at io.netty.util.concurrent.SingleThreadEventExecutor.runAllTasks(SingleThreadEventExecutor.java:357)
	at io.netty.channel.nio.NioEventLoop.run(NioEventLoop.java:357)
	at io.netty.util.concurrent.SingleThreadEventExecutor$2.run(SingleThreadEventExecutor.java:111)
	at io.netty.util.concurrent.DefaultThreadFactory$DefaultRunnableDecorator.run(DefaultThreadFactory.java:137)
	at java.lang.Thread.run(Thread.java:745)
[WARN] [2016-08-19 17:28:04][io.netty.channel.ChannelInitializer]Failed to initialize a channel. Closing: [id: 0xab5e9391]
java.lang.ClassCastException: io.netty.channel.socket.nio.NioServerSocketChannel cannot be cast to io.netty.channel.socket.SocketChannel
	at com.rekchina.rocketmq.client.remoting.netty.NettyRemotingClient$1.initChannel(NettyRemotingClient.java:25)
	at io.netty.channel.ChannelInitializer.channelRegistered(ChannelInitializer.java:69)
	at io.netty.channel.AbstractChannelHandlerContext.invokeChannelRegistered(AbstractChannelHandlerContext.java:133)
	at io.netty.channel.AbstractChannelHandlerContext.fireChannelRegistered(AbstractChannelHandlerContext.java:119)
	at io.netty.channel.DefaultChannelPipeline.fireChannelRegistered(DefaultChannelPipeline.java:733)
	at io.netty.channel.AbstractChannel$AbstractUnsafe.register0(AbstractChannel.java:450)
	at io.netty.channel.AbstractChannel$AbstractUnsafe.access$100(AbstractChannel.java:378)
	at io.netty.channel.AbstractChannel$AbstractUnsafe$1.run(AbstractChannel.java:424)
	at io.netty.util.concurrent.SingleThreadEventExecutor.runAllTasks(SingleThreadEventExecutor.java:357)
	at io.netty.channel.nio.NioEventLoop.run(NioEventLoop.java:357)
	at io.netty.util.concurrent.SingleThreadEventExecutor$2.run(SingleThreadEventExecutor.java:111)
	at io.netty.util.concurrent.DefaultThreadFactory$DefaultRunnableDecorator.run(DefaultThreadFactory.java:137)
	at java.lang.Thread.run(Thread.java:745)
[WARN] [2016-08-19 17:28:20][io.netty.channel.ChannelInitializer]Failed to initialize a channel. Closing: [id: 0x244e14de]
java.lang.ClassCastException: io.netty.channel.socket.nio.NioServerSocketChannel cannot be cast to io.netty.channel.socket.SocketChannel
	at com.rekchina.rocketmq.client.remoting.netty.NettyRemotingClient$1.initChannel(NettyRemotingClient.java:25)
	at io.netty.channel.ChannelInitializer.channelRegistered(ChannelInitializer.java:69)
	at io.netty.channel.AbstractChannelHandlerContext.invokeChannelRegistered(AbstractChannelHandlerContext.java:133)
	at io.netty.channel.AbstractChannelHandlerContext.fireChannelRegistered(AbstractChannelHandlerContext.java:119)
	at io.netty.channel.DefaultChannelPipeline.fireChannelRegistered(DefaultChannelPipeline.java:733)
	at io.netty.channel.AbstractChannel$AbstractUnsafe.register0(AbstractChannel.java:450)
	at io.netty.channel.AbstractChannel$AbstractUnsafe.access$100(AbstractChannel.java:378)
	at io.netty.channel.AbstractChannel$AbstractUnsafe$1.run(AbstractChannel.java:424)
	at io.netty.util.concurrent.SingleThreadEventExecutor.runAllTasks(SingleThreadEventExecutor.java:357)
	at io.netty.channel.nio.NioEventLoop.run(NioEventLoop.java:357)
	at io.netty.util.concurrent.SingleThreadEventExecutor$2.run(SingleThreadEventExecutor.java:111)
	at io.netty.util.concurrent.DefaultThreadFactory$DefaultRunnableDecorator.run(DefaultThreadFactory.java:137)
	at java.lang.Thread.run(Thread.java:745)
[WARN] [2016-08-19 17:28:47][io.netty.channel.ChannelInitializer]Failed to initialize a channel. Closing: [id: 0x223c8402]
java.lang.ClassCastException: io.netty.channel.socket.nio.NioServerSocketChannel cannot be cast to io.netty.channel.socket.SocketChannel
	at com.rekchina.rocketmq.client.remoting.netty.NettyRemotingClient$1.initChannel(NettyRemotingClient.java:25)
	at io.netty.channel.ChannelInitializer.channelRegistered(ChannelInitializer.java:69)
	at io.netty.channel.AbstractChannelHandlerContext.invokeChannelRegistered(AbstractChannelHandlerContext.java:133)
	at io.netty.channel.AbstractChannelHandlerContext.fireChannelRegistered(AbstractChannelHandlerContext.java:119)
	at io.netty.channel.DefaultChannelPipeline.fireChannelRegistered(DefaultChannelPipeline.java:733)
	at io.netty.channel.AbstractChannel$AbstractUnsafe.register0(AbstractChannel.java:450)
	at io.netty.channel.AbstractChannel$AbstractUnsafe.access$100(AbstractChannel.java:378)
	at io.netty.channel.AbstractChannel$AbstractUnsafe$1.run(AbstractChannel.java:424)
	at io.netty.util.concurrent.SingleThreadEventExecutor.runAllTasks(SingleThreadEventExecutor.java:357)
	at io.netty.channel.nio.NioEventLoop.run(NioEventLoop.java:357)
	at io.netty.util.concurrent.SingleThreadEventExecutor$2.run(SingleThreadEventExecutor.java:111)
	at io.netty.util.concurrent.DefaultThreadFactory$DefaultRunnableDecorator.run(DefaultThreadFactory.java:137)
	at java.lang.Thread.run(Thread.java:745)
[WARN] [2016-08-19 17:29:28][io.netty.channel.ChannelInitializer]Failed to initialize a channel. Closing: [id: 0x4e486bd2]
java.lang.ClassCastException: io.netty.channel.socket.nio.NioServerSocketChannel cannot be cast to io.netty.channel.socket.SocketChannel
	at com.rekchina.rocketmq.client.remoting.netty.NettyRemotingClient$1.initChannel(NettyRemotingClient.java:25)
	at io.netty.channel.ChannelInitializer.channelRegistered(ChannelInitializer.java:69)
	at io.netty.channel.AbstractChannelHandlerContext.invokeChannelRegistered(AbstractChannelHandlerContext.java:133)
	at io.netty.channel.AbstractChannelHandlerContext.fireChannelRegistered(AbstractChannelHandlerContext.java:119)
	at io.netty.channel.DefaultChannelPipeline.fireChannelRegistered(DefaultChannelPipeline.java:733)
	at io.netty.channel.AbstractChannel$AbstractUnsafe.register0(AbstractChannel.java:450)
	at io.netty.channel.AbstractChannel$AbstractUnsafe.access$100(AbstractChannel.java:378)
	at io.netty.channel.AbstractChannel$AbstractUnsafe$1.run(AbstractChannel.java:424)
	at io.netty.util.concurrent.SingleThreadEventExecutor.runAllTasks(SingleThreadEventExecutor.java:357)
	at io.netty.channel.nio.NioEventLoop.run(NioEventLoop.java:357)
	at io.netty.util.concurrent.SingleThreadEventExecutor$2.run(SingleThreadEventExecutor.java:111)
	at io.netty.util.concurrent.DefaultThreadFactory$DefaultRunnableDecorator.run(DefaultThreadFactory.java:137)
	at java.lang.Thread.run(Thread.java:745)
[WARN] [2016-08-19 17:29:50][io.netty.channel.ChannelInitializer]Failed to initialize a channel. Closing: [id: 0xeee9f95c]
java.lang.ClassCastException: io.netty.channel.socket.nio.NioServerSocketChannel cannot be cast to io.netty.channel.socket.SocketChannel
	at com.rekchina.rocketmq.client.remoting.netty.NettyRemotingClient$1.initChannel(NettyRemotingClient.java:25)
	at io.netty.channel.ChannelInitializer.channelRegistered(ChannelInitializer.java:69)
	at io.netty.channel.AbstractChannelHandlerContext.invokeChannelRegistered(AbstractChannelHandlerContext.java:133)
	at io.netty.channel.AbstractChannelHandlerContext.fireChannelRegistered(AbstractChannelHandlerContext.java:119)
	at io.netty.channel.DefaultChannelPipeline.fireChannelRegistered(DefaultChannelPipeline.java:733)
	at io.netty.channel.AbstractChannel$AbstractUnsafe.register0(AbstractChannel.java:450)
	at io.netty.channel.AbstractChannel$AbstractUnsafe.access$100(AbstractChannel.java:378)
	at io.netty.channel.AbstractChannel$AbstractUnsafe$1.run(AbstractChannel.java:424)
	at io.netty.util.concurrent.SingleThreadEventExecutor.runAllTasks(SingleThreadEventExecutor.java:357)
	at io.netty.channel.nio.NioEventLoop.run(NioEventLoop.java:357)
	at io.netty.util.concurrent.SingleThreadEventExecutor$2.run(SingleThreadEventExecutor.java:111)
	at io.netty.util.concurrent.DefaultThreadFactory$DefaultRunnableDecorator.run(DefaultThreadFactory.java:137)
	at java.lang.Thread.run(Thread.java:745)
[WARN] [2016-08-19 17:30:08][io.netty.channel.ChannelInitializer]Failed to initialize a channel. Closing: [id: 0xfafa442b]
java.lang.ClassCastException: io.netty.channel.socket.nio.NioServerSocketChannel cannot be cast to io.netty.channel.socket.SocketChannel
	at com.rekchina.rocketmq.client.remoting.netty.NettyRemotingClient$1.initChannel(NettyRemotingClient.java:25)
	at io.netty.channel.ChannelInitializer.channelRegistered(ChannelInitializer.java:69)
	at io.netty.channel.AbstractChannelHandlerContext.invokeChannelRegistered(AbstractChannelHandlerContext.java:133)
	at io.netty.channel.AbstractChannelHandlerContext.fireChannelRegistered(AbstractChannelHandlerContext.java:119)
	at io.netty.channel.DefaultChannelPipeline.fireChannelRegistered(DefaultChannelPipeline.java:733)
	at io.netty.channel.AbstractChannel$AbstractUnsafe.register0(AbstractChannel.java:450)
	at io.netty.channel.AbstractChannel$AbstractUnsafe.access$100(AbstractChannel.java:378)
	at io.netty.channel.AbstractChannel$AbstractUnsafe$1.run(AbstractChannel.java:424)
	at io.netty.util.concurrent.SingleThreadEventExecutor.runAllTasks(SingleThreadEventExecutor.java:357)
	at io.netty.channel.nio.NioEventLoop.run(NioEventLoop.java:357)
	at io.netty.util.concurrent.SingleThreadEventExecutor$2.run(SingleThreadEventExecutor.java:111)
	at io.netty.util.concurrent.DefaultThreadFactory$DefaultRunnableDecorator.run(DefaultThreadFactory.java:137)
	at java.lang.Thread.run(Thread.java:745)
[WARN] [2016-08-19 17:31:18][io.netty.bootstrap.Bootstrap]Unknown channel option: TCP_NODELAY=true
[WARN] [2016-08-19 17:31:18][io.netty.channel.ChannelInitializer]Failed to initialize a channel. Closing: [id: 0x4752a8c4]
java.lang.ClassCastException: io.netty.channel.socket.nio.NioServerSocketChannel cannot be cast to io.netty.channel.socket.SocketChannel
	at com.rekchina.rocketmq.client.remoting.netty.NettyRemotingClient$1.initChannel(NettyRemotingClient.java:26)
	at io.netty.channel.ChannelInitializer.channelRegistered(ChannelInitializer.java:69)
	at io.netty.channel.AbstractChannelHandlerContext.invokeChannelRegistered(AbstractChannelHandlerContext.java:133)
	at io.netty.channel.AbstractChannelHandlerContext.fireChannelRegistered(AbstractChannelHandlerContext.java:119)
	at io.netty.channel.DefaultChannelPipeline.fireChannelRegistered(DefaultChannelPipeline.java:733)
	at io.netty.channel.AbstractChannel$AbstractUnsafe.register0(AbstractChannel.java:450)
	at io.netty.channel.AbstractChannel$AbstractUnsafe.access$100(AbstractChannel.java:378)
	at io.netty.channel.AbstractChannel$AbstractUnsafe$1.run(AbstractChannel.java:424)
	at io.netty.util.concurrent.SingleThreadEventExecutor.runAllTasks(SingleThreadEventExecutor.java:357)
	at io.netty.channel.nio.NioEventLoop.run(NioEventLoop.java:357)
	at io.netty.util.concurrent.SingleThreadEventExecutor$2.run(SingleThreadEventExecutor.java:111)
	at io.netty.util.concurrent.DefaultThreadFactory$DefaultRunnableDecorator.run(DefaultThreadFactory.java:137)
	at java.lang.Thread.run(Thread.java:745)
[WARN] [2016-08-19 17:33:06][io.netty.bootstrap.Bootstrap]Unknown channel option: TCP_NODELAY=true
[WARN] [2016-08-19 17:33:06][io.netty.channel.ChannelInitializer]Failed to initialize a channel. Closing: [id: 0x7ec02dad]
java.lang.ClassCastException: io.netty.channel.socket.nio.NioServerSocketChannel cannot be cast to io.netty.channel.socket.SocketChannel
	at com.rekchina.rocketmq.client.remoting.netty.NettyRemotingClient$1.initChannel(NettyRemotingClient.java:26)
	at io.netty.channel.ChannelInitializer.channelRegistered(ChannelInitializer.java:69)
	at io.netty.channel.AbstractChannelHandlerContext.invokeChannelRegistered(AbstractChannelHandlerContext.java:133)
	at io.netty.channel.AbstractChannelHandlerContext.fireChannelRegistered(AbstractChannelHandlerContext.java:119)
	at io.netty.channel.DefaultChannelPipeline.fireChannelRegistered(DefaultChannelPipeline.java:733)
	at io.netty.channel.AbstractChannel$AbstractUnsafe.register0(AbstractChannel.java:450)
	at io.netty.channel.AbstractChannel$AbstractUnsafe.access$100(AbstractChannel.java:378)
	at io.netty.channel.AbstractChannel$AbstractUnsafe$1.run(AbstractChannel.java:424)
	at io.netty.util.concurrent.SingleThreadEventExecutor.runAllTasks(SingleThreadEventExecutor.java:357)
	at io.netty.channel.nio.NioEventLoop.run(NioEventLoop.java:357)
	at io.netty.util.concurrent.SingleThreadEventExecutor$2.run(SingleThreadEventExecutor.java:111)
	at io.netty.util.concurrent.DefaultThreadFactory$DefaultRunnableDecorator.run(DefaultThreadFactory.java:137)
	at java.lang.Thread.run(Thread.java:745)
[WARN] [2016-08-19 17:33:31][io.netty.bootstrap.Bootstrap]Unknown channel option: TCP_NODELAY=true
[WARN] [2016-08-19 17:33:31][io.netty.channel.ChannelInitializer]Failed to initialize a channel. Closing: [id: 0x6b844269]
java.lang.ClassCastException: io.netty.channel.socket.nio.NioServerSocketChannel cannot be cast to io.netty.channel.socket.SocketChannel
	at com.rekchina.rocketmq.client.remoting.netty.NettyRemotingClient$1.initChannel(NettyRemotingClient.java:26)
	at io.netty.channel.ChannelInitializer.channelRegistered(ChannelInitializer.java:69)
	at io.netty.channel.AbstractChannelHandlerContext.invokeChannelRegistered(AbstractChannelHandlerContext.java:133)
	at io.netty.channel.AbstractChannelHandlerContext.fireChannelRegistered(AbstractChannelHandlerContext.java:119)
	at io.netty.channel.DefaultChannelPipeline.fireChannelRegistered(DefaultChannelPipeline.java:733)
	at io.netty.channel.AbstractChannel$AbstractUnsafe.register0(AbstractChannel.java:450)
	at io.netty.channel.AbstractChannel$AbstractUnsafe.access$100(AbstractChannel.java:378)
	at io.netty.channel.AbstractChannel$AbstractUnsafe$1.run(AbstractChannel.java:424)
	at io.netty.util.concurrent.SingleThreadEventExecutor.runAllTasks(SingleThreadEventExecutor.java:357)
	at io.netty.channel.nio.NioEventLoop.run(NioEventLoop.java:357)
	at io.netty.util.concurrent.SingleThreadEventExecutor$2.run(SingleThreadEventExecutor.java:111)
	at io.netty.util.concurrent.DefaultThreadFactory$DefaultRunnableDecorator.run(DefaultThreadFactory.java:137)
	at java.lang.Thread.run(Thread.java:745)
[WARN] [2016-08-19 17:34:08][io.netty.bootstrap.Bootstrap]Unknown channel option: TCP_NODELAY=true
[WARN] [2016-08-19 17:34:08][io.netty.channel.ChannelInitializer]Failed to initialize a channel. Closing: [id: 0xd8c95dbc]
java.lang.ClassCastException: io.netty.channel.socket.nio.NioServerSocketChannel cannot be cast to io.netty.channel.socket.SocketChannel
	at com.rekchina.rocketmq.client.remoting.netty.NettyRemotingClient$1.initChannel(NettyRemotingClient.java:26)
	at io.netty.channel.ChannelInitializer.channelRegistered(ChannelInitializer.java:69)
	at io.netty.channel.AbstractChannelHandlerContext.invokeChannelRegistered(AbstractChannelHandlerContext.java:133)
	at io.netty.channel.AbstractChannelHandlerContext.fireChannelRegistered(AbstractChannelHandlerContext.java:119)
	at io.netty.channel.DefaultChannelPipeline.fireChannelRegistered(DefaultChannelPipeline.java:733)
	at io.netty.channel.AbstractChannel$AbstractUnsafe.register0(AbstractChannel.java:450)
	at io.netty.channel.AbstractChannel$AbstractUnsafe.access$100(AbstractChannel.java:378)
	at io.netty.channel.AbstractChannel$AbstractUnsafe$1.run(AbstractChannel.java:424)
	at io.netty.util.concurrent.SingleThreadEventExecutor.runAllTasks(SingleThreadEventExecutor.java:357)
	at io.netty.channel.nio.NioEventLoop.run(NioEventLoop.java:357)
	at io.netty.util.concurrent.SingleThreadEventExecutor$2.run(SingleThreadEventExecutor.java:111)
	at io.netty.util.concurrent.DefaultThreadFactory$DefaultRunnableDecorator.run(DefaultThreadFactory.java:137)
	at java.lang.Thread.run(Thread.java:745)
[WARN] [2016-08-19 17:36:28][io.netty.bootstrap.Bootstrap]Unknown channel option: TCP_NODELAY=true
[WARN] [2016-08-19 17:36:28][io.netty.channel.ChannelInitializer]Failed to initialize a channel. Closing: [id: 0xff1d1de9]
java.lang.ClassCastException: io.netty.channel.socket.nio.NioServerSocketChannel cannot be cast to io.netty.channel.socket.SocketChannel
	at com.rekchina.rocketmq.client.remoting.netty.NettyRemotingClient$1.initChannel(NettyRemotingClient.java:26)
	at io.netty.channel.ChannelInitializer.channelRegistered(ChannelInitializer.java:69)
	at io.netty.channel.AbstractChannelHandlerContext.invokeChannelRegistered(AbstractChannelHandlerContext.java:133)
	at io.netty.channel.AbstractChannelHandlerContext.fireChannelRegistered(AbstractChannelHandlerContext.java:119)
	at io.netty.channel.DefaultChannelPipeline.fireChannelRegistered(DefaultChannelPipeline.java:733)
	at io.netty.channel.AbstractChannel$AbstractUnsafe.register0(AbstractChannel.java:450)
	at io.netty.channel.AbstractChannel$AbstractUnsafe.access$100(AbstractChannel.java:378)
	at io.netty.channel.AbstractChannel$AbstractUnsafe$1.run(AbstractChannel.java:424)
	at io.netty.util.concurrent.SingleThreadEventExecutor.runAllTasks(SingleThreadEventExecutor.java:357)
	at io.netty.channel.nio.NioEventLoop.run(NioEventLoop.java:357)
	at io.netty.util.concurrent.SingleThreadEventExecutor$2.run(SingleThreadEventExecutor.java:111)
	at io.netty.util.concurrent.DefaultThreadFactory$DefaultRunnableDecorator.run(DefaultThreadFactory.java:137)
	at java.lang.Thread.run(Thread.java:745)
[WARN] [2016-09-01 16:30:28][io.netty.bootstrap.Bootstrap]Unknown channel option: SO_BACKLOG=1024
[WARN] [2016-09-01 16:42:26][io.netty.bootstrap.Bootstrap]Unknown channel option: SO_BACKLOG=1024
[WARN] [2016-09-01 16:43:14][io.netty.bootstrap.Bootstrap]Unknown channel option: SO_BACKLOG=1024
[WARN] [2016-09-01 16:51:33][io.netty.bootstrap.Bootstrap]Unknown channel option: SO_BACKLOG=1024
[WARN] [2016-09-01 16:52:16][io.netty.bootstrap.Bootstrap]Unknown channel option: SO_BACKLOG=1024
[WARN] [2016-09-01 16:53:46][io.netty.bootstrap.Bootstrap]Unknown channel option: SO_BACKLOG=1024
